<?xml version="1.0" encoding="UTF-8"?>
<!-- Generated by org.testng.reporters.JUnitXMLReporter -->
<testsuite ignored="4" hostname="LAPTOP-CFBNF28H" failures="5" tests="28" name="Test" time="0.224" errors="0" timestamp="2023-07-13T10:47:53 IST">
  <testcase classname="TestNG.Cricketer" name="deleteCustomer" time="0.013"/>
  <testcase classname="TestNG.Cricketer" name="modify" time="0.002"/>
  <testcase classname="TestNG.Cricketer" name="create_customer" time="0.003"/>
  <testcase classname="TestNG.Cricketer" name="create_customer" time="0.003"/>
  <testcase classname="TestNG.Cricketer" name="create_customer" time="0.003"/>
  <testcase classname="TestNG.Cricketer" name="create_customer" time="0.004"/>
  <testcase classname="TestNG.Cricketer" name="create_customer" time="0.002"/>
  <testcase classname="TestNG.Create_Customer" name="deleteCustomer" time="0.003"/>
  <testcase classname="TestNG.Create_Customer" name="modify" time="0.002"/>
  <testcase classname="TestNG.Create_Customer" name="create_customer" time="0.002"/>
  <testcase classname="TestNG.Create_Customer" name="create_customer" time="0.002"/>
  <testcase classname="TestNG.Create_Customer" name="create_customer" time="0.002"/>
  <testcase classname="TestNG.Create_Customer" name="create_customer" time="0.002"/>
  <testcase classname="TestNG.Create_Customer" name="create_customer" time="0.002"/>
  <testcase classname="TestNG.Acterss" name="deleteCustomer" time="0.002"/>
  <testcase classname="TestNG.Acterss" name="modify" time="0.002"/>
  <testcase classname="TestNG.Acterss" name="create_customer" time="0.006">
    <failure type="java.lang.AssertionError" message="null">
      <![CDATA[java.lang.AssertionError: null
at TestNG.Acterss.create_customer(Acterss.java:11)
at java.base/java.util.ArrayList.forEach(ArrayList.java:1511)
... Removed 29 stack frames]]>
    </failure>
  </testcase> <!-- create_customer -->
  <testcase classname="TestNG.Acterss" name="create_customer" time="0.001">
    <failure type="java.lang.AssertionError" message="null">
      <![CDATA[java.lang.AssertionError: null
at TestNG.Acterss.create_customer(Acterss.java:11)
at java.base/java.util.ArrayList.forEach(ArrayList.java:1511)
... Removed 29 stack frames]]>
    </failure>
  </testcase> <!-- create_customer -->
  <testcase classname="TestNG.Acterss" name="create_customer" time="0.002">
    <failure type="java.lang.AssertionError" message="null">
      <![CDATA[java.lang.AssertionError: null
at TestNG.Acterss.create_customer(Acterss.java:11)
at java.base/java.util.ArrayList.forEach(ArrayList.java:1511)
... Removed 29 stack frames]]>
    </failure>
  </testcase> <!-- create_customer -->
  <testcase classname="TestNG.Acterss" name="create_customer" time="0.002">
    <failure type="java.lang.AssertionError" message="null">
      <![CDATA[java.lang.AssertionError: null
at TestNG.Acterss.create_customer(Acterss.java:11)
at java.base/java.util.ArrayList.forEach(ArrayList.java:1511)
... Removed 29 stack frames]]>
    </failure>
  </testcase> <!-- create_customer -->
  <testcase classname="TestNG.Acterss" name="create_customer" time="0.002">
    <failure type="java.lang.AssertionError" message="null">
      <![CDATA[java.lang.AssertionError: null
at TestNG.Acterss.create_customer(Acterss.java:11)
at java.base/java.util.ArrayList.forEach(ArrayList.java:1511)
... Removed 29 stack frames]]>
    </failure>
  </testcase> <!-- create_customer -->
  <testcase classname="TestNG.Qtalk" name="deleteCustomer" time="0.002"/>
  <testcase classname="TestNG.Qtalk" name="modify" time="0.001"/>
  <testcase classname="TestNG.Qtalk" name="create_customer" time="0.002"/>
  <testcase classname="TestNG.Qtalk" name="create_customer" time="0.002"/>
  <testcase classname="TestNG.Qtalk" name="create_customer" time="0.001"/>
  <testcase classname="TestNG.Qtalk" name="create_customer" time="0.002"/>
  <testcase classname="TestNG.Qtalk" name="create_customer" time="0.002"/>
  <testcase classname="TestNG.Acterss" name="modifyCustomer" time="0.0">
    <ignored/>
  </testcase> <!-- modifyCustomer -->
  <testcase classname="TestNG.Cricketer" name="modifyCustomer" time="0.0">
    <ignored/>
  </testcase> <!-- modifyCustomer -->
  <testcase classname="TestNG.Qtalk" name="modifyCustomer" time="0.0">
    <ignored/>
  </testcase> <!-- modifyCustomer -->
  <testcase classname="TestNG.Create_Customer" name="modifyCustomer" time="0.0">
    <ignored/>
  </testcase> <!-- modifyCustomer -->
</testsuite> <!-- Test -->
