<?xml version="1.0" encoding="UTF-8"?>
<testng-results ignored="0" total="1" passed="1" failed="0" skipped="0">
  <reporter-output>
  </reporter-output>
  <suite started-at="2023-07-21T12:29:57 IST" name="Default suite" finished-at="2023-07-21T12:30:11 IST" duration-ms="14881">
    <groups>
    </groups>
    <test started-at="2023-07-21T12:29:57 IST" name="Default test" finished-at="2023-07-21T12:30:11 IST" duration-ms="14881">
      <class name="ObjectRepositoryPOM.ActitimeLogin">
        <test-method signature="actitimelogin()[pri:0, instance:ObjectRepositoryPOM.ActitimeLogin@73a1e9a9]" started-at="2023-07-21T12:29:57 IST" name="actitimelogin" finished-at="2023-07-21T12:30:11 IST" duration-ms="14811" status="PASS">
          <reporter-output>
          </reporter-output>
        </test-method> <!-- actitimelogin -->
      </class> <!-- ObjectRepositoryPOM.ActitimeLogin -->
    </test> <!-- Default test -->
  </suite> <!-- Default suite -->
</testng-results>
